2025-10-14 13:41:03,586 DEBUG    root            Loaded Command Group: ['gcloud', 'components']
2025-10-14 13:41:03,618 DEBUG    root            Loaded Command Group: ['gcloud', 'components', 'update']
2025-10-14 13:41:03,620 DEBUG    root            Running [gcloud.components.update] with arguments: [--quiet: "True", COMPONENT-IDS:8: "['gcloud', 'core', 'bq', 'gsutil', 'compute', 'preview', 'alpha', 'beta']"]
2025-10-14 13:41:03,621 INFO     ___FILE_ONLY___ Beginning update. This process may take several minutes.

2025-10-14 13:41:03,630 DEBUG    urllib3.connectionpool Starting new HTTPS connection (1): dl.google.com:443
2025-10-14 13:41:04,612 DEBUG    urllib3.connectionpool https://dl.google.com:443 "GET /dl/cloudsdk/channels/rapid/components-2.json HTTP/11" 200 233157
2025-10-14 13:41:04,624 WARNING  root            Component [compute] no longer exists.
2025-10-14 13:41:04,625 INFO     ___FILE_ONLY___ 

2025-10-14 13:41:04,625 INFO     ___FILE_ONLY___ 
Your current Google Cloud CLI version is: 543.0.0

2025-10-14 13:41:04,625 INFO     ___FILE_ONLY___ Installing components from version: 543.0.0

2025-10-14 13:41:04,625 INFO     ___FILE_ONLY___ 

2025-10-14 13:41:04,626 DEBUG    root            Chosen display Format:table[box,title="These components will be removed."](details.display_name:label=Name:align=left,version.version_string:label=Version:align=right,data.size.size(zero="",min=1048576):label=Size:align=right)
2025-10-14 13:41:04,626 DEBUG    root            Chosen display Format:table[box,title="These components will be updated."](details.display_name:label=Name:align=left,version.version_string:label=Version:align=right,data.size.size(zero="",min=1048576):label=Size:align=right)
2025-10-14 13:41:04,626 DEBUG    root            Chosen display Format:table[box,title="These components will be installed."](details.display_name:label=Name:align=left,version.version_string:label=Version:align=right,data.size.size(zero="",min=1048576):label=Size:align=right)
2025-10-14 13:41:04,642 INFO     ___FILE_ONLY___ ┌────────────────────────────────────────────────┐
2025-10-14 13:41:04,643 INFO     ___FILE_ONLY___ 

2025-10-14 13:41:04,643 INFO     ___FILE_ONLY___ │      These components will be installed.       │
2025-10-14 13:41:04,643 INFO     ___FILE_ONLY___ 

2025-10-14 13:41:04,643 INFO     ___FILE_ONLY___ ├─────────────────────────┬────────────┬─────────┤
2025-10-14 13:41:04,643 INFO     ___FILE_ONLY___ 

2025-10-14 13:41:04,643 INFO     ___FILE_ONLY___ │           Name          │  Version   │   Size  │
2025-10-14 13:41:04,643 INFO     ___FILE_ONLY___ 

2025-10-14 13:41:04,643 INFO     ___FILE_ONLY___ ├─────────────────────────┼────────────┼─────────┤
2025-10-14 13:41:04,643 INFO     ___FILE_ONLY___ 

2025-10-14 13:41:04,643 INFO     ___FILE_ONLY___ │ 
2025-10-14 13:41:04,643 INFO     ___FILE_ONLY___ gcloud Alpha Commands  
2025-10-14 13:41:04,643 INFO     ___FILE_ONLY___  
2025-10-14 13:41:04,643 INFO     ___FILE_ONLY___ │ 
2025-10-14 13:41:04,643 INFO     ___FILE_ONLY___ 2025.10.10
2025-10-14 13:41:04,643 INFO     ___FILE_ONLY___  
2025-10-14 13:41:04,644 INFO     ___FILE_ONLY___ │ 
2025-10-14 13:41:04,644 INFO     ___FILE_ONLY___ < 1 MiB
2025-10-14 13:41:04,644 INFO     ___FILE_ONLY___  
2025-10-14 13:41:04,644 INFO     ___FILE_ONLY___ │
2025-10-14 13:41:04,644 INFO     ___FILE_ONLY___ 

2025-10-14 13:41:04,644 INFO     ___FILE_ONLY___ │ 
2025-10-14 13:41:04,644 INFO     ___FILE_ONLY___ gcloud Beta Commands   
2025-10-14 13:41:04,644 INFO     ___FILE_ONLY___  
2025-10-14 13:41:04,644 INFO     ___FILE_ONLY___ │ 
2025-10-14 13:41:04,644 INFO     ___FILE_ONLY___ 2025.10.10
2025-10-14 13:41:04,644 INFO     ___FILE_ONLY___  
2025-10-14 13:41:04,644 INFO     ___FILE_ONLY___ │ 
2025-10-14 13:41:04,644 INFO     ___FILE_ONLY___ < 1 MiB
2025-10-14 13:41:04,644 INFO     ___FILE_ONLY___  
2025-10-14 13:41:04,644 INFO     ___FILE_ONLY___ │
2025-10-14 13:41:04,644 INFO     ___FILE_ONLY___ 

2025-10-14 13:41:04,644 INFO     ___FILE_ONLY___ │ 
2025-10-14 13:41:04,644 INFO     ___FILE_ONLY___ gcloud Preview Commands
2025-10-14 13:41:04,644 INFO     ___FILE_ONLY___  
2025-10-14 13:41:04,644 INFO     ___FILE_ONLY___ │ 
2025-10-14 13:41:04,645 INFO     ___FILE_ONLY___           
2025-10-14 13:41:04,645 INFO     ___FILE_ONLY___  
2025-10-14 13:41:04,645 INFO     ___FILE_ONLY___ │ 
2025-10-14 13:41:04,645 INFO     ___FILE_ONLY___ < 1 MiB
2025-10-14 13:41:04,645 INFO     ___FILE_ONLY___  
2025-10-14 13:41:04,645 INFO     ___FILE_ONLY___ │
2025-10-14 13:41:04,645 INFO     ___FILE_ONLY___ 

2025-10-14 13:41:04,645 INFO     ___FILE_ONLY___ └─────────────────────────┴────────────┴─────────┘
2025-10-14 13:41:04,645 INFO     ___FILE_ONLY___ 

2025-10-14 13:41:04,645 INFO     ___FILE_ONLY___ 

2025-10-14 13:41:04,648 DEBUG    urllib3.connectionpool Starting new HTTPS connection (1): dl.google.com:443
2025-10-14 13:41:05,631 DEBUG    urllib3.connectionpool https://dl.google.com:443 "GET /dl/cloudsdk/channels/rapid/RELEASE_NOTES HTTP/11" 200 1499632
2025-10-14 13:41:06,150 INFO     ___FILE_ONLY___ For the latest full release notes, please visit:
  https://cloud.google.com/sdk/release_notes


2025-10-14 13:41:06,151 INFO     ___FILE_ONLY___ Performing in place update...


2025-10-14 13:41:06,153 INFO     ___FILE_ONLY___ ╔════════════════════════════════════════════════════════════╗

2025-10-14 13:41:06,153 INFO     ___FILE_ONLY___ ╠═ Downloading: gcloud Alpha Commands                       ═╣

2025-10-14 13:41:06,153 INFO     ___FILE_ONLY___ ╚
2025-10-14 13:41:06,156 DEBUG    urllib3.connectionpool Starting new HTTPS connection (1): dl.google.com:443
2025-10-14 13:41:07,160 DEBUG    urllib3.connectionpool https://dl.google.com:443 "GET /dl/cloudsdk/channels/rapid/components/google-cloud-sdk-alpha-20251010143653.tar.gz HTTP/11" 200 800
2025-10-14 13:41:07,160 INFO     ___FILE_ONLY___ ════════════════════════════════════════════════════════════
2025-10-14 13:41:07,160 INFO     ___FILE_ONLY___ ╝

2025-10-14 13:41:07,163 INFO     ___FILE_ONLY___ ╔════════════════════════════════════════════════════════════╗

2025-10-14 13:41:07,163 INFO     ___FILE_ONLY___ ╠═ Downloading: gcloud Beta Commands                        ═╣

2025-10-14 13:41:07,163 INFO     ___FILE_ONLY___ ╚
2025-10-14 13:41:07,165 DEBUG    urllib3.connectionpool Starting new HTTPS connection (1): dl.google.com:443
2025-10-14 13:41:08,128 DEBUG    urllib3.connectionpool https://dl.google.com:443 "GET /dl/cloudsdk/channels/rapid/components/google-cloud-sdk-beta-20251010143653.tar.gz HTTP/11" 200 797
2025-10-14 13:41:08,128 INFO     ___FILE_ONLY___ ════════════════════════════════════════════════════════════
2025-10-14 13:41:08,128 INFO     ___FILE_ONLY___ ╝

2025-10-14 13:41:08,130 INFO     ___FILE_ONLY___ ╔════════════════════════════════════════════════════════════╗

2025-10-14 13:41:08,130 INFO     ___FILE_ONLY___ ╠═ Downloading: gcloud Preview Commands                     ═╣

2025-10-14 13:41:08,131 INFO     ___FILE_ONLY___ ╚
2025-10-14 13:41:08,133 DEBUG    urllib3.connectionpool Starting new HTTPS connection (1): dl.google.com:443
2025-10-14 13:41:09,164 DEBUG    urllib3.connectionpool https://dl.google.com:443 "GET /dl/cloudsdk/channels/rapid/components/google-cloud-sdk-preview-20241115154308.tar.gz HTTP/11" 200 823
2025-10-14 13:41:09,164 INFO     ___FILE_ONLY___ ════════════════════════════════════════════════════════════
2025-10-14 13:41:09,164 INFO     ___FILE_ONLY___ ╝

2025-10-14 13:41:09,166 INFO     ___FILE_ONLY___ ╔════════════════════════════════════════════════════════════╗

2025-10-14 13:41:09,167 INFO     ___FILE_ONLY___ ╠═ Installing: gcloud Alpha Commands                        ═╣

2025-10-14 13:41:09,167 INFO     ___FILE_ONLY___ ╚
2025-10-14 13:41:09,168 INFO     ___FILE_ONLY___ ════════════════════════════════════════════════════════════
2025-10-14 13:41:09,168 INFO     ___FILE_ONLY___ ╝

2025-10-14 13:41:09,173 INFO     ___FILE_ONLY___ ╔════════════════════════════════════════════════════════════╗

2025-10-14 13:41:09,173 INFO     ___FILE_ONLY___ ╠═ Installing: gcloud Beta Commands                         ═╣

2025-10-14 13:41:09,173 INFO     ___FILE_ONLY___ ╚
2025-10-14 13:41:09,174 INFO     ___FILE_ONLY___ ════════════════════════════════════════════════════════════
2025-10-14 13:41:09,174 INFO     ___FILE_ONLY___ ╝

2025-10-14 13:41:09,179 INFO     ___FILE_ONLY___ ╔════════════════════════════════════════════════════════════╗

2025-10-14 13:41:09,179 INFO     ___FILE_ONLY___ ╠═ Installing: gcloud Preview Commands                      ═╣

2025-10-14 13:41:09,179 INFO     ___FILE_ONLY___ ╚
2025-10-14 13:41:09,180 INFO     ___FILE_ONLY___ ════════════════════════════════════════════════════════════
2025-10-14 13:41:09,180 INFO     ___FILE_ONLY___ ╝

2025-10-14 13:41:09,185 DEBUG    root            Updating notification cache...
2025-10-14 13:41:09,185 INFO     ___FILE_ONLY___ 

2025-10-14 13:41:09,187 INFO     ___FILE_ONLY___ Performing post processing steps...
2025-10-14 13:41:09,188 DEBUG    root            Executing command: ['/tools/google-cloud-sdk/bin/gcloud', 'components', 'post-process']
2025-10-14 13:41:18,283 DEBUG    ___FILE_ONLY___ 
2025-10-14 13:41:18,283 DEBUG    ___FILE_ONLY___ 
2025-10-14 13:41:18,453 INFO     root            descriptor_list: [{'universeDomain': 'googleapis.com', 'universeShortName': '', 'authenticationDomain': 'auth.cloud.google.com', 'projectPrefix': '', 'cloudWebDomain': 'cloud.google.com', 'documentationDomain': 'cloud.google.com', 'version': '1.0.0', 'state': 'primary', 'artifactRegistryDomain': 'pkg.dev'}]
2025-10-14 13:41:18,453 INFO     ___FILE_ONLY___ 
Update done!


2025-10-14 13:41:18,456 DEBUG    root            Chosen display Format:none
2025-10-14 13:41:18,456 INFO     root            Display format: "none"
